<?xml version="1.0" encoding="UTF-8"?>
<!-- Generated by org.testng.reporters.JUnitXMLReporter -->
<testsuite ignored="0" hostname="EXIPC0159" failures="0" tests="3" name="Default test" time="27.655" errors="0" timestamp="2023-04-26T12:07:38 IST">
  <testcase classname="com.exsq.Print" name="Print_Btn_Visiblity" time="8.133"/>
  <testcase classname="com.exsq.Print" name="Print_ModalWindow_Visibility" time="4.014"/>
  <testcase classname="com.exsq.Print" name="Close_Print_ModalWindow" time="2.54"/>
</testsuite> <!-- Default test -->
