<?xml version="1.0" encoding="UTF-8"?>
<!-- Generated by org.testng.reporters.JUnitXMLReporter -->
<testsuite ignored="0" hostname="EXIPC0159" failures="0" tests="3" name="Change Community" time="35.936" errors="0" timestamp="2023-11-21T15:13:20 IST">
  <testcase classname="com.exsq.changeCommunityHeaderFooter" name="Verify_ChangeCommunityList" time="8.059"/>
  <testcase classname="com.exsq.changeCommunityHeaderFooter" name="VerifyActiveCommunityList" time="0.055"/>
  <testcase classname="com.exsq.changeCommunityHeaderFooter" name="Verify_SelectCommunityFromList" time="11.283"/>
</testsuite> <!-- Change Community -->
