<?xml version="1.0" encoding="UTF-8"?>
<!-- Generated by org.testng.reporters.JUnitXMLReporter -->
<testsuite ignored="0" hostname="EXIPC0159" failures="0" tests="2" name="Community Name" time="21.867" errors="0" timestamp="2023-11-21T15:13:42 IST">
  <testcase classname="com.exsq.communityName" name="CommunityNameVisibilityInHeaderAndFooter" time="6.291"/>
  <testcase classname="com.exsq.communityName" name="VerifyCommunityNameVisibilityFooter" time="0.038"/>
</testsuite> <!-- Community Name -->
