<?xml version="1.0" encoding="UTF-8"?>
<!-- Generated by org.testng.reporters.JUnitXMLReporter -->
<testsuite ignored="0" hostname="EXIPC0159" failures="0" tests="2" name="Expended View in Listing" time="19.012" errors="0" timestamp="2023-11-21T15:14:01 IST">
  <testcase classname="com.exsq.expendedViewinListing" name="RequestInfoVisiblityListing" time="4.865"/>
  <testcase classname="com.exsq.expendedViewinListing" name="ExpendViewRequestInfoVisibilityInListing" time="0.057"/>
</testsuite> <!-- Expended View in Listing -->
