<?xml version="1.0" encoding="UTF-8"?>
<!-- Generated by org.testng.reporters.JUnitXMLReporter -->
<testsuite ignored="0" hostname="EXIPC0159" failures="0" tests="2" name="Expended View in Plan Listing" time="14.004" errors="0" timestamp="2023-05-19T10:52:20 IST">
  <testcase classname="com.exsq.ExpendedView_inListing" name="RequestInfo_Visiblity_inListing" time="7.468"/>
  <testcase classname="com.exsq.ExpendedView_inListing" name="ExpendView_Visiblity_inListing" time="0.028"/>
</testsuite> <!-- Expended View in Plan Listing -->
