<?xml version="1.0" encoding="UTF-8"?>
<!-- Generated by org.testng.reporters.JUnitXMLReporter -->
<testsuite ignored="0" hostname="EXIPC0159" failures="0" tests="3" name="Home Status Filter" time="54.045" errors="0" timestamp="2023-11-21T15:14:55 IST">
  <testcase classname="com.exsq.homeStatusFilter" name="Homesite_Status_Filter_Visibility" time="20.049"/>
  <testcase classname="com.exsq.homeStatusFilter" name="HomesiteStatusButtonclick" time="0.1"/>
  <testcase classname="com.exsq.homeStatusFilter" name="CloseHomesiteStatusList" time="20.091"/>
</testsuite> <!-- Home Status Filter -->
