<?xml version="1.0" encoding="UTF-8"?>
<!-- Generated by org.testng.reporters.JUnitXMLReporter -->
<testsuite ignored="0" hostname="EXIPC0159" failures="0" tests="3" name="Homesite Status Filter" time="48.742" errors="0" timestamp="2023-05-19T10:54:17 IST">
  <testcase classname="com.exsq.Home_Status_Filter" name="Homesite_Status_Filter_Visibility" time="20.014"/>
  <testcase classname="com.exsq.Home_Status_Filter" name="Homesite_Status_Btn_click" time="1.074"/>
  <testcase classname="com.exsq.Home_Status_Filter" name="Close_Homesite_Status_List" time="21.085"/>
</testsuite> <!-- Homesite Status Filter -->
