<?xml version="1.0" encoding="UTF-8"?>
<!-- Generated by org.testng.reporters.JUnitXMLReporter -->
<testsuite ignored="0" hostname="EXIPC0159" failures="0" tests="3" name="Light Gallery" time="36.2" errors="0" timestamp="2023-05-19T10:52:06 IST">
  <testcase classname="com.exsq.Light_Gallery" name="Select_PlanFrom_Listing" time="5.335"/>
  <testcase classname="com.exsq.Light_Gallery" name="Open_Light_Gallery" time="2.117"/>
  <testcase classname="com.exsq.Light_Gallery" name="Close_LightGallery" time="22.111"/>
</testsuite> <!-- Light Gallery -->
