<?xml version="1.0" encoding="UTF-8"?>
<!-- Generated by org.testng.reporters.JUnitXMLReporter -->
<testsuite ignored="0" hostname="EXIPC0159" failures="0" tests="3" name="Light Gallery" time="45.897" errors="0" timestamp="2023-11-21T15:15:41 IST">
  <testcase classname="com.exsq.lightGallery" name="Select_PlanFrom_Listing" time="5.967"/>
  <testcase classname="com.exsq.lightGallery" name="OpenLightGallery" time="7.153"/>
  <testcase classname="com.exsq.lightGallery" name="CloseLightGallery" time="21.153"/>
</testsuite> <!-- Light Gallery -->
