<?xml version="1.0" encoding="UTF-8"?>
<!-- Generated by org.testng.reporters.JUnitXMLReporter -->
<testsuite ignored="0" hostname="EXIPC0159" failures="0" tests="4" name="Lot Detail Pop up" time="32.092" errors="0" timestamp="2023-05-19T10:53:02 IST">
  <testcase classname="com.exsq.Lot_Detail_Popup" name="Select_Lot_Popup_Visiblity" time="2.477"/>
  <testcase classname="com.exsq.Lot_Detail_Popup" name="Match_Lot_Data" time="0.167"/>
  <testcase classname="com.exsq.Lot_Detail_Popup" name="Hold_A_Lot_Btn_Visiblity" time="0.104"/>
  <testcase classname="com.exsq.Lot_Detail_Popup" name="HoldALot_Btn_Invisiblity" time="22.218"/>
</testsuite> <!-- Lot Detail Pop up -->
