<?xml version="1.0" encoding="UTF-8"?>
<!-- Generated by org.testng.reporters.JUnitXMLReporter -->
<testsuite ignored="0" hostname="EXIPC0159" failures="0" tests="4" name="Lot Detail Pop up" time="66.308" errors="0" timestamp="2023-11-21T15:16:48 IST">
  <testcase classname="com.exsq.lotDetailPopup" name="Select_Lot_Popup_Visiblity" time="30.525"/>
  <testcase classname="com.exsq.lotDetailPopup" name="MatchLotData" time="0.107"/>
  <testcase classname="com.exsq.lotDetailPopup" name="HoldALotButtonVisibility" time="0.078"/>
  <testcase classname="com.exsq.lotDetailPopup" name="HoldALotButtonInvisibility" time="22.279"/>
</testsuite> <!-- Lot Detail Pop up -->
