<?xml version="1.0" encoding="UTF-8"?>
<!-- Generated by org.testng.reporters.JUnitXMLReporter -->
<testsuite ignored="0" hostname="EXIPC0159" failures="0" tests="3" name="Master Plan Functionality" time="39.719" errors="0" timestamp="2023-05-19T10:54:57 IST">
  <testcase classname="com.exsq.Master_Plan" name="Verify_MasterMap_Name_Header" time="13.162"/>
  <testcase classname="com.exsq.Master_Plan" name="Verify_MasterMap_Name_Footer" time="0.029"/>
  <testcase classname="com.exsq.Master_Plan" name="Verify_Plan_Listing" time="20.048"/>
</testsuite> <!-- Master Plan Functionality -->
