<?xml version="1.0" encoding="UTF-8"?>
<!-- Generated by org.testng.reporters.JUnitXMLReporter -->
<testsuite ignored="0" hostname="EXIPC0159" failures="0" tests="3" name="Plan Details Filter" time="9.9" errors="0" timestamp="2023-05-19T10:52:30 IST">
  <testcase classname="com.exsq.Plan_Details_Filter" name="PlanDetails_Filter_Button" time="2.413"/>
  <testcase classname="com.exsq.Plan_Details_Filter" name="Select_PlanDetailsFilter_MinimumBtn_Slider" time="0.692"/>
  <testcase classname="com.exsq.Plan_Details_Filter" name="Verify_PlanDetails_BedroomOption_Selection" time="0.065"/>
</testsuite> <!-- Plan Details Filter -->
