<?xml version="1.0" encoding="UTF-8"?>
<!-- Generated by org.testng.reporters.JUnitXMLReporter -->
<testsuite ignored="0" hostname="EXIPC0159" failures="0" tests="3" name="Plan Details Filter" time="33.425" errors="0" timestamp="2023-11-21T15:18:34 IST">
  <testcase classname="com.exsq.planDetailsFilter" name="PlanDetails_Filter_Button" time="6.213"/>
  <testcase classname="com.exsq.planDetailsFilter" name="SelectPlanDetailsFilterMinimumbuttonslider" time="0.598"/>
  <testcase classname="com.exsq.planDetailsFilter" name="VerifyPlanDetailsBedroomOptionSelection" time="0.061"/>
</testsuite> <!-- Plan Details Filter -->
