<?xml version="1.0" encoding="UTF-8"?>
<!-- Generated by org.testng.reporters.JUnitXMLReporter -->
<testsuite ignored="20" hostname="EXIPC0159" failures="0" tests="35" name="Print Functionality" time="294.889" errors="0" timestamp="2023-07-17T12:36:40 IST">
  <testcase classname="com.exsq.Community_Name_Visibility" name="Community_Name_Visibility_Header" time="7.477"/>
  <testcase classname="com.exsq.Community_Name_Visibility" name="Community_Name_Visiblity_Footer" time="0.043"/>
  <testcase classname="com.exsq.Print" name="Print_Btn_Visiblity" time="1.668"/>
  <testcase classname="com.exsq.Print" name="Print_ModalWindow_Visibility" time="2.12"/>
  <testcase classname="com.exsq.Print" name="Close_Print_ModalWindow" time="21.085"/>
  <testcase classname="com.exsq.Light_Gallery" name="Select_PlanFrom_Listing" time="5.212"/>
  <testcase classname="com.exsq.Light_Gallery" name="Open_Light_Gallery" time="2.205"/>
  <testcase classname="com.exsq.Light_Gallery" name="Close_LightGallery" time="22.145"/>
  <testcase classname="com.exsq.ExpendedView_inListing" name="RequestInfo_Visiblity_inListing" time="7.276"/>
  <testcase classname="com.exsq.ExpendedView_inListing" name="ExpendView_Visiblity_inListing" time="0.029"/>
  <testcase classname="com.exsq.Plan_Details_Filter" name="PlanDetails_Filter_Button" time="1.646"/>
  <testcase classname="com.exsq.Plan_Details_Filter" name="Select_PlanDetailsFilter_MinimumBtn_Slider" time="0.535"/>
  <testcase classname="com.exsq.Plan_Details_Filter" name="Verify_PlanDetails_BedroomOption_Selection" time="0.084"/>
  <testcase classname="com.exsq.Lot_Detail_Popup" name="Select_Lot_Popup_Visiblity" time="6.375"/>
  <testcase classname="com.exsq.Lot_Detail_Popup" name="Match_Lot_Data" time="0.129"/>
  <testcase classname="com.exsq.Lot_Detail_Popup" name="Hold_A_Lot_Btn_Visiblity" time="0.082"/>
  <testcase classname="com.exsq.Lot_Detail_Popup" name="HoldALot_Btn_Invisiblity" time="22.297"/>
  <testcase classname="com.exsq.SVG_Zoom" name="SVG_Zoom_Slider" time="5.39"/>
  <testcase classname="com.exsq.Change_Community" name="Verify_ChangeCommunityList" time="5.101"/>
  <testcase classname="com.exsq.Change_Community" name="Verify_ActiveCommunity_List" time="0.065"/>
  <testcase classname="com.exsq.Change_Community" name="Verify_SelectCommunityFromList" time="12.821"/>
  <testcase classname="com.exsq.Home_Status_Filter" name="Homesite_Status_Filter_Visibility" time="20.053"/>
  <testcase classname="com.exsq.Home_Status_Filter" name="Homesite_Status_Btn_click" time="1.116"/>
  <testcase classname="com.exsq.Home_Status_Filter" name="Close_Homesite_Status_List" time="21.174"/>
  <testcase classname="com.exsq.Master_Plan" name="Verify_MasterMap_Name_Header" time="7.671"/>
  <testcase classname="com.exsq.Master_Plan" name="Verify_MasterMap_Name_Footer" time="0.024"/>
  <testcase classname="com.exsq.Master_Plan" name="Verify_Plan_Listing" time="20.017"/>
  <testcase classname="com.exsq.Request_Info" name="Request_Info_Btn_Visiblity" time="1.597"/>
  <testcase classname="com.exsq.Request_Info" name="Open_RequestInfo_Form" time="2.46"/>
  <testcase classname="com.exsq.Request_Info" name="Fill_Request_Info_Form" time="0.391"/>
  <testcase classname="com.exsq.Request_Info" name="Submit_Request_Info" time="0.082"/>
  <testcase classname="com.exsq.Request_Info" name="Loader_Visiblity" time="0.034"/>
  <testcase classname="com.exsq.Request_Info" name="Success_Popup_Visibility" time="4.42"/>
  <testcase classname="com.exsq.Request_Info" name="Success_PopUp_Close" time="22.13"/>
  <testcase classname="com.exsq.Request_Info" name="RequestInfo_Visiblity_ExpendView_inListing" time="0.219"/>
  <testcase classname="com.exsq.isp_plugin.base.TestBase" name="@BeforeSuite initialiseExtentReports" time="0.0">
    <ignored/>
  </testcase> <!-- @BeforeSuite initialiseExtentReports -->
  <testcase classname="com.exsq.isp_plugin.base.TestBase" name="@BeforeSuite initialiseExtentReports" time="0.0">
    <ignored/>
  </testcase> <!-- @BeforeSuite initialiseExtentReports -->
  <testcase classname="com.exsq.isp_plugin.base.TestBase" name="@BeforeSuite initialiseExtentReports" time="0.0">
    <ignored/>
  </testcase> <!-- @BeforeSuite initialiseExtentReports -->
  <testcase classname="com.exsq.isp_plugin.base.TestBase" name="@BeforeSuite initialiseExtentReports" time="0.0">
    <ignored/>
  </testcase> <!-- @BeforeSuite initialiseExtentReports -->
  <testcase classname="com.exsq.isp_plugin.base.TestBase" name="@BeforeSuite initialiseExtentReports" time="0.0">
    <ignored/>
  </testcase> <!-- @BeforeSuite initialiseExtentReports -->
  <testcase classname="com.exsq.isp_plugin.base.TestBase" name="@BeforeSuite initialiseExtentReports" time="0.0">
    <ignored/>
  </testcase> <!-- @BeforeSuite initialiseExtentReports -->
  <testcase classname="com.exsq.isp_plugin.base.TestBase" name="@BeforeSuite initialiseExtentReports" time="0.0">
    <ignored/>
  </testcase> <!-- @BeforeSuite initialiseExtentReports -->
  <testcase classname="com.exsq.isp_plugin.base.TestBase" name="@BeforeSuite initialiseExtentReports" time="0.0">
    <ignored/>
  </testcase> <!-- @BeforeSuite initialiseExtentReports -->
  <testcase classname="com.exsq.isp_plugin.base.TestBase" name="@BeforeSuite initialiseExtentReports" time="0.0">
    <ignored/>
  </testcase> <!-- @BeforeSuite initialiseExtentReports -->
  <testcase classname="com.exsq.isp_plugin.base.TestBase" name="@BeforeSuite initialiseExtentReports" time="0.0">
    <ignored/>
  </testcase> <!-- @BeforeSuite initialiseExtentReports -->
  <testcase classname="com.exsq.isp_plugin.base.TestBase" name="@AfterSuite generateExtentReports" time="0.0">
    <ignored/>
  </testcase> <!-- @AfterSuite generateExtentReports -->
  <testcase classname="com.exsq.isp_plugin.base.TestBase" name="@AfterSuite generateExtentReports" time="0.0">
    <ignored/>
  </testcase> <!-- @AfterSuite generateExtentReports -->
  <testcase classname="com.exsq.isp_plugin.base.TestBase" name="@AfterSuite generateExtentReports" time="0.0">
    <ignored/>
  </testcase> <!-- @AfterSuite generateExtentReports -->
  <testcase classname="com.exsq.isp_plugin.base.TestBase" name="@AfterSuite generateExtentReports" time="0.0">
    <ignored/>
  </testcase> <!-- @AfterSuite generateExtentReports -->
  <testcase classname="com.exsq.isp_plugin.base.TestBase" name="@AfterSuite generateExtentReports" time="0.0">
    <ignored/>
  </testcase> <!-- @AfterSuite generateExtentReports -->
  <testcase classname="com.exsq.isp_plugin.base.TestBase" name="@AfterSuite generateExtentReports" time="0.0">
    <ignored/>
  </testcase> <!-- @AfterSuite generateExtentReports -->
  <testcase classname="com.exsq.isp_plugin.base.TestBase" name="@AfterSuite generateExtentReports" time="0.0">
    <ignored/>
  </testcase> <!-- @AfterSuite generateExtentReports -->
  <testcase classname="com.exsq.isp_plugin.base.TestBase" name="@AfterSuite generateExtentReports" time="0.0">
    <ignored/>
  </testcase> <!-- @AfterSuite generateExtentReports -->
  <testcase classname="com.exsq.isp_plugin.base.TestBase" name="@AfterSuite generateExtentReports" time="0.0">
    <ignored/>
  </testcase> <!-- @AfterSuite generateExtentReports -->
  <testcase classname="com.exsq.isp_plugin.base.TestBase" name="@AfterSuite generateExtentReports" time="0.0">
    <ignored/>
  </testcase> <!-- @AfterSuite generateExtentReports -->
</testsuite> <!-- Print Functionality -->
