<?xml version="1.0" encoding="UTF-8"?>
<!-- Generated by org.testng.reporters.JUnitXMLReporter -->
<testsuite ignored="0" hostname="EXIPC0159" failures="0" tests="3" name="Print" time="46.413" errors="0" timestamp="2023-11-21T15:19:21 IST">
  <testcase classname="com.exsq.print" name="PrintButtonVisiblity" time="5.984"/>
  <testcase classname="com.exsq.print" name="PrintModalWindowVisibility" time="2.212"/>
  <testcase classname="com.exsq.print" name="ClosePrintModalWindow" time="20.061"/>
</testsuite> <!-- Print -->
