<?xml version="1.0" encoding="UTF-8"?>
<!-- Generated by org.testng.reporters.JUnitXMLReporter -->
<testsuite ignored="0" hostname="EXIPC0159" failures="0" tests="7" name="Request Info" time="55.947" errors="0" timestamp="2023-11-21T15:20:17 IST">
  <testcase classname="com.exsq.requestInfo" name="Request_Info_Btn_Visiblity" time="7.507"/>
  <testcase classname="com.exsq.requestInfo" name="OpenRequestInfoForm" time="0.628"/>
  <testcase classname="com.exsq.requestInfo" name="FillRequestInfoForm" time="0.418"/>
  <testcase classname="com.exsq.requestInfo" name="SubmitRequestInfo" time="0.047"/>
  <testcase classname="com.exsq.requestInfo" name="LoaderVisibility" time="0.03"/>
  <testcase classname="com.exsq.requestInfo" name="SuccessPopupVisibility" time="13.2"/>
  <testcase classname="com.exsq.requestInfo" name="SuccessPopUpClose" time="21.088"/>
</testsuite> <!-- Request Info -->
