<?xml version="1.0" encoding="UTF-8"?>
<!-- Generated by org.testng.reporters.JUnitXMLReporter -->
<testsuite ignored="0" hostname="EXIPC0159" failures="0" tests="8" name="Request info" time="52.172" errors="0" timestamp="2023-05-19T10:55:49 IST">
  <testcase classname="com.exsq.Request_Info" name="Request_Info_Btn_Visiblity" time="2.046"/>
  <testcase classname="com.exsq.Request_Info" name="Open_RequestInfo_Form" time="2.406"/>
  <testcase classname="com.exsq.Request_Info" name="Fill_Request_Info_Form" time="0.461"/>
  <testcase classname="com.exsq.Request_Info" name="Submit_Request_Info" time="0.062"/>
  <testcase classname="com.exsq.Request_Info" name="Loader_Visiblity" time="0.031"/>
  <testcase classname="com.exsq.Request_Info" name="Success_Popup_Visibility" time="17.017"/>
  <testcase classname="com.exsq.Request_Info" name="Success_PopUp_Close" time="22.119"/>
  <testcase classname="com.exsq.Request_Info" name="RequestInfo_Visiblity_ExpendView_inListing" time="0.336"/>
</testsuite> <!-- Request info -->
