<?xml version="1.0" encoding="UTF-8"?>
<!-- Generated by org.testng.reporters.JUnitXMLReporter -->
<testsuite ignored="0" hostname="EXIPC0159" failures="0" tests="3" name="Sanity" time="19.087" errors="0" timestamp="2023-11-07T12:25:37 IST">
  <testcase classname="com.exsq.changeCommunityHeaderFooter" name="Verify_ChangeCommunityList" time="6.149"/>
  <testcase classname="com.exsq.changeCommunityHeaderFooter" name="VerifyActiveCommunityList" time="0.083"/>
  <testcase classname="com.exsq.changeCommunityHeaderFooter" name="Verify_SelectCommunityFromList" time="3.997"/>
</testsuite> <!-- Sanity -->
