<?xml version="1.0" encoding="UTF-8"?>
<!-- Generated by org.testng.reporters.JUnitXMLReporter -->
<testsuite ignored="0" hostname="EXIPC0159" failures="0" tests="35" name="Test" time="288.449" errors="0" timestamp="2023-05-12T15:46:46 IST">
  <testcase classname="com.exsq.Print" name="Print_Btn_Visiblity" time="2.54"/>
  <testcase classname="com.exsq.Print" name="Print_ModalWindow_Visibility" time="3.517"/>
  <testcase classname="com.exsq.Print" name="Close_Print_ModalWindow" time="21.103"/>
  <testcase classname="com.exsq.Community_Name_Visibility" name="Community_Name_Visibility_Header" time="1.882"/>
  <testcase classname="com.exsq.Community_Name_Visibility" name="Community_Name_Visiblity_Footer" time="0.04"/>
  <testcase classname="com.exsq.Light_Gallery" name="Select_PlanFrom_Listing" time="5.347"/>
  <testcase classname="com.exsq.Light_Gallery" name="Open_Light_Gallery" time="2.129"/>
  <testcase classname="com.exsq.Light_Gallery" name="Close_LightGallery" time="22.116"/>
  <testcase classname="com.exsq.ExpendedView_inListing" name="RequestInfo_Visiblity_inListing" time="5.414"/>
  <testcase classname="com.exsq.ExpendedView_inListing" name="ExpendView_Visiblity_inListing" time="0.029"/>
  <testcase classname="com.exsq.Plan_Details_Filter" name="PlanDetails_Filter_Button" time="1.62"/>
  <testcase classname="com.exsq.Plan_Details_Filter" name="Select_PlanDetailsFilter_MinimumBtn_Slider" time="0.643"/>
  <testcase classname="com.exsq.Plan_Details_Filter" name="Verify_PlanDetails_BedroomOption_Selection" time="0.069"/>
  <testcase classname="com.exsq.Lot_Detail_Popup" name="Select_Lot_Popup_Visiblity" time="1.737"/>
  <testcase classname="com.exsq.Lot_Detail_Popup" name="Match_Lot_Data" time="0.173"/>
  <testcase classname="com.exsq.Lot_Detail_Popup" name="Hold_A_Lot_Btn_Visiblity" time="0.141"/>
  <testcase classname="com.exsq.Lot_Detail_Popup" name="HoldALot_Btn_Invisiblity" time="22.235"/>
  <testcase classname="com.exsq.SVG_Zoom" name="SVG_Zoom_Slider" time="5.396"/>
  <testcase classname="com.exsq.Change_Community" name="Verify_ChangeCommunityList" time="5.09"/>
  <testcase classname="com.exsq.Change_Community" name="Verify_ActiveCommunity_List" time="0.072"/>
  <testcase classname="com.exsq.Change_Community" name="Verify_SelectCommunityFromList" time="8.998"/>
  <testcase classname="com.exsq.Home_Status_Filter" name="Homesite_Status_Filter_Visibility" time="20.043"/>
  <testcase classname="com.exsq.Home_Status_Filter" name="Homesite_Status_Btn_click" time="1.125"/>
  <testcase classname="com.exsq.Home_Status_Filter" name="Close_Homesite_Status_List" time="21.146"/>
  <testcase classname="com.exsq.Master_Plan" name="Verify_MasterMap_Name_Header" time="7.687"/>
  <testcase classname="com.exsq.Master_Plan" name="Verify_MasterMap_Name_Footer" time="0.022"/>
  <testcase classname="com.exsq.Master_Plan" name="Verify_Plan_Listing" time="20.027"/>
  <testcase classname="com.exsq.Request_Info" name="Request_Info_Btn_Visiblity" time="1.833"/>
  <testcase classname="com.exsq.Request_Info" name="Open_RequestInfo_Form" time="3.53"/>
  <testcase classname="com.exsq.Request_Info" name="Fill_Request_Info_Form" time="0.45"/>
  <testcase classname="com.exsq.Request_Info" name="Submit_Request_Info" time="0.058"/>
  <testcase classname="com.exsq.Request_Info" name="Loader_Visiblity" time="0.026"/>
  <testcase classname="com.exsq.Request_Info" name="Success_Popup_Visibility" time="9.949"/>
  <testcase classname="com.exsq.Request_Info" name="Success_PopUp_Close" time="20.613"/>
  <testcase classname="com.exsq.Request_Info" name="RequestInfo_Visiblity_ExpendView_inListing" time="0.374"/>
</testsuite> <!-- Test -->
