<?xml version="1.0" encoding="UTF-8"?>
<!-- Generated by org.testng.reporters.JUnitXMLReporter -->
<testsuite ignored="0" hostname="EXIPC0159" failures="0" tests="3" name="Test" time="34.753" errors="0" timestamp="2023-05-04T12:27:27 IST">
  <testcase classname="com.exsq.Print" name="Print_Btn_Visiblity" time="2.545"/>
  <testcase classname="com.exsq.Print" name="Print_ModalWindow_Visibility" time="3.075"/>
  <testcase classname="com.exsq.Print" name="Close_Print_ModalWindow" time="21.071"/>
</testsuite> <!-- Test -->
