<?xml version="1.0" encoding="UTF-8"?>
<!-- Generated by org.testng.reporters.JUnitXMLReporter -->
<testsuite ignored="2" hostname="EXIPC0159" failures="0" tests="5" name="Print Functionality" time="50.083" errors="0" timestamp="2023-05-19T11:41:27 IST">
  <testcase classname="com.exsq.Print" name="Print_Btn_Visiblity" time="5.531"/>
  <testcase classname="com.exsq.Print" name="Print_ModalWindow_Visibility" time="2.159"/>
  <testcase classname="com.exsq.Print" name="Close_Print_ModalWindow" time="21.185"/>
  <testcase classname="com.exsq.Community_Name_Visibility" name="Community_Name_Visibility_Header" time="5.311"/>
  <testcase classname="com.exsq.Community_Name_Visibility" name="Community_Name_Visiblity_Footer" time="0.053"/>
  <testcase classname="com.exsq.isp_plugin.base.TestBase" name="@BeforeSuite initialiseExtentReports" time="0.0">
    <ignored/>
  </testcase> <!-- @BeforeSuite initialiseExtentReports -->
  <testcase classname="com.exsq.isp_plugin.base.TestBase" name="@AfterSuite generateExtentReports" time="0.0">
    <ignored/>
  </testcase> <!-- @AfterSuite generateExtentReports -->
</testsuite> <!-- Print Functionality -->
