<?xml version="1.0" encoding="UTF-8"?>
<!-- Generated by org.testng.reporters.JUnitXMLReporter -->
<testsuite ignored="0" hostname="EXIPC0159" failures="0" tests="3" name="Print Functionality" time="33.184" errors="0" timestamp="2023-05-19T14:54:01 IST">
  <testcase classname="com.exsq.Print" name="Print_Btn_Visiblity" time="1.568"/>
  <testcase classname="com.exsq.Print" name="Print_ModalWindow_Visibility" time="2.572"/>
  <testcase classname="com.exsq.Print" name="Close_Print_ModalWindow" time="21.133"/>
</testsuite> <!-- Print Functionality -->
