<?xml version="1.0" encoding="UTF-8"?>
<!-- Generated by org.testng.reporters.JUnitXMLReporter -->
<testsuite ignored="0" hostname="EXIPC0159" failures="0" tests="3" name="Test" time="39.754" errors="0" timestamp="2023-05-08T11:42:08 IST">
  <testcase classname="com.exsq.Print" name="Print_Btn_Visiblity" time="6.021"/>
  <testcase classname="com.exsq.Print" name="Print_ModalWindow_Visibility" time="2.038"/>
  <testcase classname="com.exsq.Print" name="Close_Print_ModalWindow" time="21.114"/>
</testsuite> <!-- Test -->
