<?xml version="1.0" encoding="UTF-8"?>
<!-- Generated by org.testng.reporters.JUnitXMLReporter -->
<testsuite ignored="0" hostname="EXIPC0159" failures="0" tests="3" name="Test" time="52.133" errors="0" timestamp="2023-05-01T15:33:24 IST">
  <testcase classname="com.exsq.Print" name="Print_Btn_Visiblity" time="8.003"/>
  <testcase classname="com.exsq.Print" name="Print_ModalWindow_Visibility" time="4.174"/>
  <testcase classname="com.exsq.Print" name="Close_Print_ModalWindow" time="21.177"/>
</testsuite> <!-- Test -->
