<?xml version="1.0" encoding="UTF-8"?>
<testng-results ignored="0" total="3" passed="3" failed="0" skipped="0">
  <reporter-output>
  </reporter-output>
  <suite started-at="2023-05-19T14:53:28 IST" name="Suite" finished-at="2023-05-19T14:54:01 IST" duration-ms="33184">
    <groups>
    </groups>
    <test started-at="2023-05-19T14:53:28 IST" name="Print Functionality" finished-at="2023-05-19T14:54:01 IST" duration-ms="33184">
      <class name="com.exsq.Print">
        <test-method is-config="true" signature="initialiseExtentReports()[pri:0, instance:com.exsq.Print@63355449]" started-at="2023-05-19T14:53:28 IST" name="initialiseExtentReports" finished-at="2023-05-19T14:53:28 IST" duration-ms="275" status="PASS">
          <reporter-output>
          </reporter-output>
        </test-method> <!-- initialiseExtentReports -->
        <test-method is-config="true" signature="setup()[pri:0, instance:com.exsq.Print@63355449]" started-at="2023-05-19T14:53:28 IST" name="setup" finished-at="2023-05-19T14:53:36 IST" duration-ms="7673" status="PASS">
          <reporter-output>
          </reporter-output>
        </test-method> <!-- setup -->
        <test-method is-config="true" signature="TestReport(java.lang.reflect.Method,org.testng.ITestContext)[pri:0, instance:com.exsq.Print@63355449]" started-at="2023-05-19T14:53:36 IST" name="TestReport" finished-at="2023-05-19T14:53:36 IST" duration-ms="7" status="PASS">
          <params>
            <param index="0">
              <value>
                <![CDATA[public void com.exsq.Print.Print_Btn_Visiblity()]]>
              </value>
            </param>
            <param index="1">
              <value>
                <![CDATA[org.testng.TestRunner@5f174dd2]]>
              </value>
            </param>
          </params>
          <reporter-output>
          </reporter-output>
        </test-method> <!-- TestReport -->
        <test-method signature="Print_Btn_Visiblity()[pri:0, instance:com.exsq.Print@63355449]" started-at="2023-05-19T14:53:36 IST" name="Print_Btn_Visiblity" finished-at="2023-05-19T14:53:37 IST" duration-ms="1568" status="PASS">
          <reporter-output>
          </reporter-output>
        </test-method> <!-- Print_Btn_Visiblity -->
        <test-method is-config="true" signature="checkStatus(java.lang.reflect.Method,org.testng.ITestResult)[pri:0, instance:com.exsq.Print@63355449]" started-at="2023-05-19T14:53:37 IST" name="checkStatus" finished-at="2023-05-19T14:53:37 IST" duration-ms="8" status="PASS">
          <params>
            <param index="0">
              <value>
                <![CDATA[public void com.exsq.Print.Print_Btn_Visiblity()]]>
              </value>
            </param>
            <param index="1">
              <value>
                <![CDATA[[TestResult name=Print_Btn_Visiblity status=SUCCESS method=Print.Print_Btn_Visiblity()[pri:0, instance:com.exsq.Print@63355449] output={null}]]]>
              </value>
            </param>
          </params>
          <reporter-output>
          </reporter-output>
        </test-method> <!-- checkStatus -->
        <test-method is-config="true" signature="TestReport(java.lang.reflect.Method,org.testng.ITestContext)[pri:0, instance:com.exsq.Print@63355449]" started-at="2023-05-19T14:53:37 IST" name="TestReport" finished-at="2023-05-19T14:53:37 IST" duration-ms="0" status="PASS">
          <params>
            <param index="0">
              <value>
                <![CDATA[public void com.exsq.Print.Print_ModalWindow_Visibility()]]>
              </value>
            </param>
            <param index="1">
              <value>
                <![CDATA[org.testng.TestRunner@5f174dd2]]>
              </value>
            </param>
          </params>
          <reporter-output>
          </reporter-output>
        </test-method> <!-- TestReport -->
        <test-method signature="Print_ModalWindow_Visibility()[pri:1, instance:com.exsq.Print@63355449]" started-at="2023-05-19T14:53:37 IST" name="Print_ModalWindow_Visibility" finished-at="2023-05-19T14:53:40 IST" duration-ms="2572" status="PASS">
          <reporter-output>
          </reporter-output>
        </test-method> <!-- Print_ModalWindow_Visibility -->
        <test-method is-config="true" signature="checkStatus(java.lang.reflect.Method,org.testng.ITestResult)[pri:0, instance:com.exsq.Print@63355449]" started-at="2023-05-19T14:53:40 IST" name="checkStatus" finished-at="2023-05-19T14:53:40 IST" duration-ms="1" status="PASS">
          <params>
            <param index="0">
              <value>
                <![CDATA[public void com.exsq.Print.Print_ModalWindow_Visibility()]]>
              </value>
            </param>
            <param index="1">
              <value>
                <![CDATA[[TestResult name=Print_ModalWindow_Visibility status=SUCCESS method=Print.Print_ModalWindow_Visibility()[pri:1, instance:com.exsq.Print@63355449] output={null}]]]>
              </value>
            </param>
          </params>
          <reporter-output>
          </reporter-output>
        </test-method> <!-- checkStatus -->
        <test-method is-config="true" signature="TestReport(java.lang.reflect.Method,org.testng.ITestContext)[pri:0, instance:com.exsq.Print@63355449]" started-at="2023-05-19T14:53:40 IST" name="TestReport" finished-at="2023-05-19T14:53:40 IST" duration-ms="1" status="PASS">
          <params>
            <param index="0">
              <value>
                <![CDATA[public void com.exsq.Print.Close_Print_ModalWindow() throws java.lang.InterruptedException]]>
              </value>
            </param>
            <param index="1">
              <value>
                <![CDATA[org.testng.TestRunner@5f174dd2]]>
              </value>
            </param>
          </params>
          <reporter-output>
          </reporter-output>
        </test-method> <!-- TestReport -->
        <test-method signature="Close_Print_ModalWindow()[pri:3, instance:com.exsq.Print@63355449]" started-at="2023-05-19T14:53:40 IST" name="Close_Print_ModalWindow" finished-at="2023-05-19T14:54:01 IST" duration-ms="21133" status="PASS">
          <reporter-output>
          </reporter-output>
        </test-method> <!-- Close_Print_ModalWindow -->
        <test-method is-config="true" signature="checkStatus(java.lang.reflect.Method,org.testng.ITestResult)[pri:0, instance:com.exsq.Print@63355449]" started-at="2023-05-19T14:54:01 IST" name="checkStatus" finished-at="2023-05-19T14:54:01 IST" duration-ms="0" status="PASS">
          <params>
            <param index="0">
              <value>
                <![CDATA[public void com.exsq.Print.Close_Print_ModalWindow() throws java.lang.InterruptedException]]>
              </value>
            </param>
            <param index="1">
              <value>
                <![CDATA[[TestResult name=Close_Print_ModalWindow status=SUCCESS method=Print.Close_Print_ModalWindow()[pri:3, instance:com.exsq.Print@63355449] output={null}]]]>
              </value>
            </param>
          </params>
          <reporter-output>
          </reporter-output>
        </test-method> <!-- checkStatus -->
        <test-method is-config="true" signature="CloseBrowser()[pri:0, instance:com.exsq.Print@63355449]" started-at="2023-05-19T14:54:01 IST" name="CloseBrowser" finished-at="2023-05-19T14:54:01 IST" duration-ms="172" status="PASS">
          <reporter-output>
          </reporter-output>
        </test-method> <!-- CloseBrowser -->
        <test-method is-config="true" signature="generateExtentReports()[pri:0, instance:com.exsq.Print@63355449]" started-at="2023-05-19T14:54:01 IST" name="generateExtentReports" finished-at="2023-05-19T14:54:01 IST" duration-ms="373" status="PASS">
          <reporter-output>
          </reporter-output>
        </test-method> <!-- generateExtentReports -->
      </class> <!-- com.exsq.Print -->
    </test> <!-- Print Functionality -->
  </suite> <!-- Suite -->
</testng-results>
