<?xml version="1.0" encoding="UTF-8"?>
<testng-results ignored="0" total="2" passed="2" failed="0" skipped="0">
  <reporter-output>
  </reporter-output>
  <suite started-at="2023-11-07T12:08:22 IST" name="Suite" finished-at="2023-11-07T12:08:46 IST" duration-ms="23971">
    <groups>
    </groups>
    <test started-at="2023-11-07T12:08:22 IST" name="SanityTest" finished-at="2023-11-07T12:08:46 IST" duration-ms="23971">
      <class name="com.exsq.communityName">
        <test-method is-config="true" signature="initialiseExtentReports()[pri:0, instance:com.exsq.communityName@302c971f]" started-at="2023-11-07T12:08:22 IST" name="initialiseExtentReports" finished-at="2023-11-07T12:08:22 IST" duration-ms="9" status="PASS">
          <reporter-output>
          </reporter-output>
        </test-method> <!-- initialiseExtentReports -->
        <test-method is-config="true" signature="LaunchBrowser()[pri:0, instance:com.exsq.communityName@302c971f]" started-at="2023-11-07T12:08:22 IST" name="LaunchBrowser" finished-at="2023-11-07T12:08:27 IST" duration-ms="4518" status="PASS">
          <reporter-output>
          </reporter-output>
        </test-method> <!-- LaunchBrowser -->
        <test-method is-config="true" signature="createObject()[pri:0, instance:com.exsq.communityName@302c971f]" started-at="2023-11-07T12:08:27 IST" name="createObject" finished-at="2023-11-07T12:08:36 IST" depends-on-methods="com.exsq.isp_plugin.base.TestBase.LaunchBrowser" duration-ms="9941" status="PASS">
          <reporter-output>
          </reporter-output>
        </test-method> <!-- createObject -->
        <test-method signature="CommunityNameVisibilityInHeaderAndFooter()[pri:1, instance:com.exsq.communityName@302c971f]" started-at="2023-11-07T12:08:36 IST" name="CommunityNameVisibilityInHeaderAndFooter" finished-at="2023-11-07T12:08:46 IST" duration-ms="9164" status="PASS">
          <reporter-output>
          </reporter-output>
        </test-method> <!-- CommunityNameVisibilityInHeaderAndFooter -->
        <test-method is-config="true" signature="TestReport(java.lang.reflect.Method,org.testng.ITestContext)[pri:0, instance:com.exsq.communityName@302c971f]" started-at="2023-11-07T12:08:36 IST" name="TestReport" finished-at="2023-11-07T12:08:36 IST" duration-ms="0" status="PASS">
          <params>
            <param index="0">
              <value>
                <![CDATA[public void com.exsq.communityName.CommunityNameVisibilityInHeaderAndFooter()]]>
              </value>
            </param>
            <param index="1">
              <value>
                <![CDATA[org.testng.TestRunner@41330d4f]]>
              </value>
            </param>
          </params>
          <reporter-output>
          </reporter-output>
        </test-method> <!-- TestReport -->
        <test-method is-config="true" signature="checkStatus(java.lang.reflect.Method,org.testng.ITestResult)[pri:0, instance:com.exsq.communityName@302c971f]" started-at="2023-11-07T12:08:46 IST" name="checkStatus" finished-at="2023-11-07T12:08:46 IST" duration-ms="1" status="PASS">
          <params>
            <param index="0">
              <value>
                <![CDATA[public void com.exsq.communityName.CommunityNameVisibilityInHeaderAndFooter()]]>
              </value>
            </param>
            <param index="1">
              <value>
                <![CDATA[[TestResult name=CommunityNameVisibilityInHeaderAndFooter status=SUCCESS method=communityName.CommunityNameVisibilityInHeaderAndFooter()[pri:1, instance:com.exsq.communityName@302c971f] output={null}]]]>
              </value>
            </param>
          </params>
          <reporter-output>
          </reporter-output>
        </test-method> <!-- checkStatus -->
        <test-method is-config="true" signature="TestReport(java.lang.reflect.Method,org.testng.ITestContext)[pri:0, instance:com.exsq.communityName@302c971f]" started-at="2023-11-07T12:08:46 IST" name="TestReport" finished-at="2023-11-07T12:08:46 IST" duration-ms="1" status="PASS">
          <params>
            <param index="0">
              <value>
                <![CDATA[public void com.exsq.communityName.VerifyCommunityNameVisibilityFooter()]]>
              </value>
            </param>
            <param index="1">
              <value>
                <![CDATA[org.testng.TestRunner@41330d4f]]>
              </value>
            </param>
          </params>
          <reporter-output>
          </reporter-output>
        </test-method> <!-- TestReport -->
        <test-method signature="VerifyCommunityNameVisibilityFooter()[pri:2, instance:com.exsq.communityName@302c971f]" started-at="2023-11-07T12:08:46 IST" name="VerifyCommunityNameVisibilityFooter" finished-at="2023-11-07T12:08:46 IST" duration-ms="47" status="PASS">
          <reporter-output>
          </reporter-output>
        </test-method> <!-- VerifyCommunityNameVisibilityFooter -->
        <test-method is-config="true" signature="checkStatus(java.lang.reflect.Method,org.testng.ITestResult)[pri:0, instance:com.exsq.communityName@302c971f]" started-at="2023-11-07T12:08:46 IST" name="checkStatus" finished-at="2023-11-07T12:08:46 IST" duration-ms="1" status="PASS">
          <params>
            <param index="0">
              <value>
                <![CDATA[public void com.exsq.communityName.VerifyCommunityNameVisibilityFooter()]]>
              </value>
            </param>
            <param index="1">
              <value>
                <![CDATA[[TestResult name=VerifyCommunityNameVisibilityFooter status=SUCCESS method=communityName.VerifyCommunityNameVisibilityFooter()[pri:2, instance:com.exsq.communityName@302c971f] output={null}]]]>
              </value>
            </param>
          </params>
          <reporter-output>
          </reporter-output>
        </test-method> <!-- checkStatus -->
        <test-method is-config="true" signature="tearDown()[pri:0, instance:com.exsq.communityName@302c971f]" started-at="2023-11-07T12:08:46 IST" name="tearDown" finished-at="2023-11-07T12:08:46 IST" duration-ms="281" status="PASS">
          <reporter-output>
          </reporter-output>
        </test-method> <!-- tearDown -->
      </class> <!-- com.exsq.communityName -->
    </test> <!-- SanityTest -->
  </suite> <!-- Suite -->
</testng-results>
