<?xml version="1.0" encoding="UTF-8"?>
<testng-results ignored="0" total="3" passed="3" failed="0" skipped="0">
  <reporter-output>
  </reporter-output>
  <suite started-at="2023-05-04T12:26:52 IST" name="Suite" finished-at="2023-05-04T12:27:27 IST" duration-ms="34753">
    <groups>
    </groups>
    <test started-at="2023-05-04T12:26:52 IST" name="Test" finished-at="2023-05-04T12:27:27 IST" duration-ms="34753">
      <class name="com.exsq.Print">
        <test-method is-config="true" signature="setup()[pri:0, instance:com.exsq.Print@3f6f6701]" started-at="2023-05-04T12:26:52 IST" name="setup" finished-at="2023-05-04T12:27:00 IST" duration-ms="7737" status="PASS">
          <reporter-output>
          </reporter-output>
        </test-method> <!-- setup -->
        <test-method signature="Print_Btn_Visiblity()[pri:0, instance:com.exsq.Print@3f6f6701]" started-at="2023-05-04T12:27:00 IST" name="Print_Btn_Visiblity" finished-at="2023-05-04T12:27:03 IST" duration-ms="2545" status="PASS">
          <reporter-output>
          </reporter-output>
        </test-method> <!-- Print_Btn_Visiblity -->
        <test-method signature="Print_ModalWindow_Visibility()[pri:1, instance:com.exsq.Print@3f6f6701]" started-at="2023-05-04T12:27:03 IST" name="Print_ModalWindow_Visibility" finished-at="2023-05-04T12:27:06 IST" duration-ms="3075" status="PASS">
          <reporter-output>
          </reporter-output>
        </test-method> <!-- Print_ModalWindow_Visibility -->
        <test-method signature="Close_Print_ModalWindow()[pri:3, instance:com.exsq.Print@3f6f6701]" started-at="2023-05-04T12:27:06 IST" name="Close_Print_ModalWindow" finished-at="2023-05-04T12:27:27 IST" duration-ms="21071" status="PASS">
          <reporter-output>
          </reporter-output>
        </test-method> <!-- Close_Print_ModalWindow -->
        <test-method is-config="true" signature="CloseBrowser()[pri:0, instance:com.exsq.Print@3f6f6701]" started-at="2023-05-04T12:27:27 IST" name="CloseBrowser" finished-at="2023-05-04T12:27:27 IST" duration-ms="290" status="PASS">
          <reporter-output>
          </reporter-output>
        </test-method> <!-- CloseBrowser -->
      </class> <!-- com.exsq.Print -->
    </test> <!-- Test -->
  </suite> <!-- Suite -->
</testng-results>
