<?xml version="1.0" encoding="UTF-8"?>
<testng-results ignored="0" total="3" passed="3" failed="0" skipped="0">
  <reporter-output>
  </reporter-output>
  <suite started-at="2023-05-08T12:24:31 IST" name="Default suite" finished-at="2023-05-08T12:25:08 IST" duration-ms="36248">
    <groups>
    </groups>
    <test started-at="2023-05-08T12:24:31 IST" name="Default test" finished-at="2023-05-08T12:25:08 IST" duration-ms="36248">
      <class name="com.exsq.Light_Gallery">
        <test-method is-config="true" signature="setup()[pri:0, instance:com.exsq.Light_Gallery@3f6f6701]" started-at="2023-05-08T12:24:31 IST" name="setup" finished-at="2023-05-08T12:24:38 IST" duration-ms="6591" status="PASS">
          <reporter-output>
          </reporter-output>
        </test-method> <!-- setup -->
        <test-method signature="Select_PlanFrom_Listing()[pri:1, instance:com.exsq.Light_Gallery@3f6f6701]" started-at="2023-05-08T12:24:38 IST" name="Select_PlanFrom_Listing" finished-at="2023-05-08T12:24:43 IST" duration-ms="5373" status="PASS">
          <reporter-output>
          </reporter-output>
        </test-method> <!-- Select_PlanFrom_Listing -->
        <test-method signature="Open_Light_Gallery()[pri:2, instance:com.exsq.Light_Gallery@3f6f6701]" started-at="2023-05-08T12:24:43 IST" name="Open_Light_Gallery" finished-at="2023-05-08T12:24:45 IST" duration-ms="2148" status="PASS">
          <reporter-output>
          </reporter-output>
        </test-method> <!-- Open_Light_Gallery -->
        <test-method signature="Close_LightGallery()[pri:3, instance:com.exsq.Light_Gallery@3f6f6701]" started-at="2023-05-08T12:24:45 IST" name="Close_LightGallery" finished-at="2023-05-08T12:25:08 IST" duration-ms="22104" status="PASS">
          <reporter-output>
          </reporter-output>
        </test-method> <!-- Close_LightGallery -->
        <test-method is-config="true" signature="CloseBrowser()[pri:0, instance:com.exsq.Light_Gallery@3f6f6701]" started-at="2023-05-08T12:25:08 IST" name="CloseBrowser" finished-at="2023-05-08T12:25:08 IST" duration-ms="0" status="PASS">
          <reporter-output>
          </reporter-output>
        </test-method> <!-- CloseBrowser -->
      </class> <!-- com.exsq.Light_Gallery -->
    </test> <!-- Default test -->
  </suite> <!-- Default suite -->
</testng-results>
